2024-02-10 09:15 LOGIN user=marie status=success
2024-02-10 09:16 LOGIN user=hacker status=failed
2024-02-10 09:22 LOGIN user=lucas status=success
2024-02-10 09:45 LOGIN user=thomas status=success
2024-02-10 10:02 LOGIN user=admin status=failed
2024-02-10 10:03 LOGIN user=admin status=failed
2024-02-10 10:05 LOGIN user=admin status=success
2024-02-10 10:30 LOGIN user=sophie status=success
2024-02-10 11:12 LOGIN user=unknown status=failed
2024-02-10 11:45 LOGIN user=nicolas status=success
2024-02-10 08:01 LOGIN user=julie status=success
2024-02-10 08:05 LOGIN user=pierre status=success
2024-02-10 08:12 LOGIN user=nicolas status=failed
2024-02-10 08:12 LOGIN user=nicolas status=failed
2024-02-10 08:13 LOGIN user=nicolas status=failed
2024-02-10 08:13 LOGIN user=nicolas status=failed
2024-02-10 08:15 LOGIN user=thomas status=success
2024-02-10 08:22 LOGIN user=lucas status=failed
2024-02-10 08:23 LOGIN user=lucas status=success
2024-02-10 08:30 LOGIN user=emma status=success
2024-02-10 08:45 LOGIN user=admin status=failed
2024-02-10 08:46 LOGIN user=admin status=failed
2024-02-10 08:50 LOGIN user=marie status=success
2024-02-10 08:55 LOGIN user=inconnu status=failed
2024-02-10 09:02 LOGIN user=nicolas status=success
2024-02-10 09:15 LOGIN user=maxime status=success
2024-02-10 09:18 LOGIN user=nicolas status=failed
2024-02-10 09:19 LOGIN user=nicolas status=failed
2024-02-10 09:19 LOGIN user=nicolas status=failed
2024-02-10 09:20 LOGIN user=nicolas status=failed
2024-02-10 09:20 LOGIN user=nicolas status=failed
2024-02-10 09:25 LOGIN user=sophie status=success
2024-02-10 09:33 LOGIN user=antoine status=success
2024-02-10 09:42 LOGIN user=chloe status=success
2024-02-10 09:50 LOGIN user=nicolas status=failed
2024-02-10 09:51 LOGIN user=nicolas status=failed
2024-02-10 09:55 LOGIN user=admin status=success
2024-02-10 10:01 LOGIN user=julie status=success
2024-02-10 10:08 LOGIN user=nicolas status=failed
2024-02-10 10:09 LOGIN user=nicolas status=success
2024-02-10 10:15 LOGIN user=lea status=success
2024-02-10 10:22 LOGIN user=nicolas status=failed
2024-02-10 10:23 LOGIN user=nicolas status=failed
2024-02-10 10:30 LOGIN user=hugo status=success
2024-02-10 10:35 LOGIN user=camille status=success
2024-02-10 10:42 LOGIN user=sarah status=success
2024-02-10 10:50 LOGIN user=guest status=failed
2024-02-10 10:51 LOGIN user=guest status=failed
2024-02-10 10:52 LOGIN user=guest status=failed
2024-02-10 11:00 LOGIN user=pierre status=success
2024-02-10 11:05 LOGIN user=clara status=success
2024-02-10 11:12 LOGIN user=florent status=failed
2024-02-10 11:13 LOGIN user=florent status=success
2024-02-10 11:20 LOGIN user=mathieu status=success
2024-02-10 11:28 LOGIN user=nicolas status=failed
2024-02-10 11:29 LOGIN user=nicolas status=failed
2024-02-10 11:29 LOGIN user=nicolas status=failed
2024-02-10 11:35 LOGIN user=manon status=success
2024-02-10 11:42 LOGIN user=alex status=success
2024-02-10 11:50 LOGIN user=valentin status=success